This is pdfTeX, Version 3.14159265-2.6-1.40.21 (MiKTeX 2.9.7300 64-bit) (preloaded format=pdflatex 2020.2.10)  18 FEB 2020 14:03
entering extended mode
**./object-z-specification-template.tex
(object-z-specification-template.tex
LaTeX2e <2020-02-02> patch level 1
L3 programming layer <2020-02-08>
("C:\Program Files\MiKTeX 2.9\tex/latex/base\article.cls"
Document Class: article 2019/12/20 v1.4l Standard LaTeX document class
("C:\Program Files\MiKTeX 2.9\tex/latex/base\size12.clo"
File: size12.clo 2019/12/20 v1.4l Standard LaTeX file (size option)
)
\c@part=\count167
\c@section=\count168
\c@subsection=\count169
\c@subsubsection=\count170
\c@paragraph=\count171
\c@subparagraph=\count172
\c@figure=\count173
\c@table=\count174
\abovecaptionskip=\skip47
\belowcaptionskip=\skip48
\bibindent=\dimen134
)
("C:\Program Files\MiKTeX 2.9\tex/latex/geometry\geometry.sty"
Package: geometry 2020/01/02 v5.9 Page Geometry

("C:\Program Files\MiKTeX 2.9\tex/latex/graphics\keyval.sty"
Package: keyval 2014/10/28 v1.15 key=value parser (DPC)
\KV@toks@=\toks14
)
("C:\Program Files\MiKTeX 2.9\tex/generic/iftex\ifvtex.sty"
Package: ifvtex 2019/10/25 v1.7 ifvtex legacy package. Use iftex instead.

("C:\Program Files\MiKTeX 2.9\tex/generic/iftex\iftex.sty"
Package: iftex 2019/11/07 v1.0c TeX engine tests
))
\Gm@cnth=\count175
\Gm@cntv=\count176
\c@Gm@tempcnt=\count177
\Gm@bindingoffset=\dimen135
\Gm@wd@mp=\dimen136
\Gm@odd@mp=\dimen137
\Gm@even@mp=\dimen138
\Gm@layoutwidth=\dimen139
\Gm@layoutheight=\dimen140
\Gm@layouthoffset=\dimen141
\Gm@layoutvoffset=\dimen142
\Gm@dimlist=\toks15

("C:\Program Files\MiKTeX 2.9\tex/latex/geometry\geometry.cfg"))
("C:\Program Files\MiKTeX 2.9\tex/latex/base\alltt.sty"
Package: alltt 1997/06/16 v2.0g defines alltt environment
)
("C:\Program Files\MiKTeX 2.9\tex/latex/tools\array.sty"
Package: array 2019/08/31 v2.4l Tabular extension package (FMi)
\col@sep=\dimen143
\ar@mcellbox=\box45
\extrarowheight=\dimen144
\NC@list=\toks16
\extratabsurround=\skip49
\backup@length=\skip50
\ar@cellbox=\box46
)
("C:\Program Files\MiKTeX 2.9\tex/latex/graphics\graphicx.sty"
Package: graphicx 2019/11/30 v1.2a Enhanced LaTeX Graphics (DPC,SPQR)

("C:\Program Files\MiKTeX 2.9\tex/latex/graphics\graphics.sty"
Package: graphics 2019/11/30 v1.4a Standard LaTeX Graphics (DPC,SPQR)

("C:\Program Files\MiKTeX 2.9\tex/latex/graphics\trig.sty"
Package: trig 2016/01/03 v1.10 sin cos tan (DPC)
)
("C:\Program Files\MiKTeX 2.9\tex/latex/graphics-cfg\graphics.cfg"
File: graphics.cfg 2016/06/04 v1.11 sample graphics configuration
)
Package graphics Info: Driver file: pdftex.def on input line 105.

("C:\Program Files\MiKTeX 2.9\tex/latex/graphics-def\pdftex.def"
File: pdftex.def 2018/01/08 v1.0l Graphics/color driver for pdftex
))
\Gin@req@height=\dimen145
\Gin@req@width=\dimen146
)
("C:\Program Files\MiKTeX 2.9\tex/latex/tools\tabularx.sty"
Package: tabularx 2020/01/15 v2.11c `tabularx' package (DPC)
\TX@col@width=\dimen147
\TX@old@table=\dimen148
\TX@old@col=\dimen149
\TX@target=\dimen150
\TX@delta=\dimen151
\TX@cols=\count178
\TX@ftn=\toks17
)
("C:\Program Files\MiKTeX 2.9\tex/latex/tools\verbatim.sty"
Package: verbatim 2019/11/10 v1.5r LaTeX2e package for verbatim enhancements
\every@verbatim=\toks18
\verbatim@line=\toks19
\verbatim@in@stream=\read2
)
("C:\Program Files\MiKTeX 2.9\tex/latex/setspace\setspace.sty"
Package: setspace 2011/12/19 v6.7a set line spacing
)
("C:\Program Files\MiKTeX 2.9\tex/latex/listings\listings.sty"
\lst@mode=\count179
\lst@gtempboxa=\box47
\lst@token=\toks20
\lst@length=\count180
\lst@currlwidth=\dimen152
\lst@column=\count181
\lst@pos=\count182
\lst@lostspace=\dimen153
\lst@width=\dimen154
\lst@newlines=\count183
\lst@lineno=\count184
\lst@maxwidth=\dimen155

("C:\Program Files\MiKTeX 2.9\tex/latex/listings\lstmisc.sty"
File: lstmisc.sty 2019/09/10 1.8c (Carsten Heinz)
\c@lstnumber=\count185
\lst@skipnumbers=\count186
\lst@framebox=\box48
)
("C:\Program Files\MiKTeX 2.9\tex/latex/listings\listings.cfg"
File: listings.cfg 2019/09/10 1.8c listings configuration
))
Package: listings 2019/09/10 1.8c (Carsten Heinz)

("C:\Program Files\MiKTeX 2.9\tex/latex/amsfonts\amssymb.sty"
Package: amssymb 2013/01/14 v3.01 AMS font symbols

("C:\Program Files\MiKTeX 2.9\tex/latex/amsfonts\amsfonts.sty"
Package: amsfonts 2013/01/14 v3.01 Basic AMSFonts support
\@emptytoks=\toks21
\symAMSa=\mathgroup4
\symAMSb=\mathgroup5
LaTeX Font Info:    Redeclaring math symbol \hbar on input line 98.
LaTeX Font Info:    Overwriting math alphabet `\mathfrak' in version `bold'
(Font)                  U/euf/m/n --> U/euf/b/n on input line 106.
))
("C:\Program Files\MiKTeX 2.9\tex/latex/amsmath\amsmath.sty"
Package: amsmath 2020/01/20 v2.17e AMS math features
\@mathmargin=\skip51

For additional information on amsmath, use the `?' option.
("C:\Program Files\MiKTeX 2.9\tex/latex/amsmath\amstext.sty"
Package: amstext 2000/06/29 v2.01 AMS text

("C:\Program Files\MiKTeX 2.9\tex/latex/amsmath\amsgen.sty"
File: amsgen.sty 1999/11/30 v2.0 generic functions
\@emptytoks=\toks22
\ex@=\dimen156
))
("C:\Program Files\MiKTeX 2.9\tex/latex/amsmath\amsbsy.sty"
Package: amsbsy 1999/11/29 v1.2d Bold Symbols
\pmbraise@=\dimen157
)
("C:\Program Files\MiKTeX 2.9\tex/latex/amsmath\amsopn.sty"
Package: amsopn 2016/03/08 v2.02 operator names
)
\inf@bad=\count187
LaTeX Info: Redefining \frac on input line 227.
\uproot@=\count188
\leftroot@=\count189
LaTeX Info: Redefining \overline on input line 389.
\classnum@=\count190
\DOTSCASE@=\count191
LaTeX Info: Redefining \ldots on input line 486.
LaTeX Info: Redefining \dots on input line 489.
LaTeX Info: Redefining \cdots on input line 610.
\Mathstrutbox@=\box49
\strutbox@=\box50
\big@size=\dimen158
LaTeX Font Info:    Redeclaring font encoding OML on input line 733.
LaTeX Font Info:    Redeclaring font encoding OMS on input line 734.
\macc@depth=\count192
\c@MaxMatrixCols=\count193
\dotsspace@=\muskip16
\c@parentequation=\count194
\dspbrk@lvl=\count195
\tag@help=\toks23
\row@=\count196
\column@=\count197
\maxfields@=\count198
\andhelp@=\toks24
\eqnshift@=\dimen159
\alignsep@=\dimen160
\tagshift@=\dimen161
\tagwidth@=\dimen162
\totwidth@=\dimen163
\lineht@=\dimen164
\@envbody=\toks25
\multlinegap=\skip52
\multlinetaggap=\skip53
\mathdisplay@stack=\toks26
LaTeX Info: Redefining \[ on input line 2859.
LaTeX Info: Redefining \] on input line 2860.
)
("C:\Program Files\MiKTeX 2.9\tex/latex/amscls\amsthm.sty"
Package: amsthm 2017/10/31 v2.20.4
\thm@style=\toks27
\thm@bodyfont=\toks28
\thm@headfont=\toks29
\thm@notefont=\toks30
\thm@headpunct=\toks31
\thm@preskip=\skip54
\thm@postskip=\skip55
\thm@headsep=\skip56
\dth@everypar=\toks32
)
("C:\Program Files\MiKTeX 2.9\tex/latex/qtree\qtree.sty"
Package: 2008/12/12 v.3.1bQtree: tree-drawing for linguistics
Package: qtree 2008/12/12 v.3.1bQtree: tree-drawing for linguistics
("C:\Program Files\MiKTeX 2.9\tex/latex/pict2e\pict2e.sty"
Package: pict2e 2019/08/20 v0.3c Improved picture commands (HjG,RN,JT)

("C:\Program Files\MiKTeX 2.9\tex/latex/pict2e\pict2e.cfg"
File: pict2e.cfg 2016/02/05 v0.1u pict2e configuration for teTeX/TeXLive
)
Package pict2e Info: Driver file: pdftex.def on input line 119.
Package pict2e Info: Driver file for pict2e: p2e-pdftex.def on input line 121.

("C:\Program Files\MiKTeX 2.9\tex/latex/pict2e\p2e-pdftex.def"
File: p2e-pdftex.def 2016/02/05 v0.1u Driver-dependant file (RN,HjG,JT)
)
\pIIe@GRAPH=\toks33
\@arclen=\dimen165
\@arcrad=\dimen166
\@tempdimd=\dimen167
)
\c@treecount=\count199
\c@branchcount=\count266
\parentbox=\box51
\treebox=\box52
\treeboxone=\box53
\treeboxtwo=\box54
\treeboxthree=\box55
\treeboxfour=\box56
\treeboxfive=\box57
\treeboxsix=\box58
\treeboxseven=\box59
\treeboxeight=\box60
\treeboxnine=\box61
\treeboxten=\box62
\treeboxeleven=\box63
\treeboxtwelve=\box64
\treeboxthirteen=\box65
\treeboxfourteen=\box66
\treeboxfifteen=\box67
\treeboxsixteen=\box68
\treeboxseventeen=\box69
\treeboxeighteen=\box70
\treeboxnineteen=\box71
\treeboxtwenty=\box72
\treeoffsetone=\skip57
\treeoffsettwo=\skip58
\treeoffsetthree=\skip59
\treeoffsetfour=\skip60
\treeoffsetfive=\skip61
\treeoffsetsix=\skip62
\treeoffsetseven=\skip63
\treeoffseteight=\skip64
\treeoffsetnine=\skip65
\treeoffsetten=\skip66
\treeoffseteleven=\skip67
\treeoffsettwelve=\skip68
\treeoffsetthirteen=\skip69
\treeoffsetfourteen=\skip70
\treeoffsetfifteen=\skip71
\treeoffsetsixteen=\skip72
\treeoffsetseventeen=\skip73
\treeoffseteighteen=\skip74
\treeoffsetnineteen=\skip75
\treeoffsettwenty=\skip76
\treeshiftone=\skip77
\treeshifttwo=\skip78
\treeshiftthree=\skip79
\treeshiftfour=\skip80
\treeshiftfive=\skip81
\treeshiftsix=\skip82
\treeshiftseven=\skip83
\treeshifteight=\skip84
\treeshiftnine=\skip85
\treeshiftten=\skip86
\treeshifteleven=\skip87
\treeshifttwelve=\skip88
\treeshiftthirteen=\skip89
\treeshiftfourteen=\skip90
\treeshiftfifteen=\skip91
\treeshiftsixteen=\skip92
\treeshiftseventeen=\skip93
\treeshifteighteen=\skip94
\treeshiftnineteen=\skip95
\treeshifttwenty=\skip96
\treewidthone=\skip97
\treewidthtwo=\skip98
\treewidththree=\skip99
\treewidthfour=\skip100
\treewidthfive=\skip101
\treewidthsix=\skip102
\treewidthseven=\skip103
\treewidtheight=\skip104
\treewidthnine=\skip105
\treewidthten=\skip106
\treewidtheleven=\skip107
\treewidthtwelve=\skip108
\treewidththirteen=\skip109
\treewidthfourteen=\skip110
\treewidthfifteen=\skip111
\treewidthsixteen=\skip112
\treewidthseventeen=\skip113
\treewidtheighteen=\skip114
\treewidthnineteen=\skip115
\treewidthtwenty=\skip116
\daughteroffsetone=\skip117
\daughteroffsettwo=\skip118
\daughteroffsetthree=\skip119
\daughteroffsetfour=\skip120
\branchwidthone=\skip121
\branchwidthtwo=\skip122
\branchwidththree=\skip123
\branchwidthfour=\skip124
\parentoffset=\skip125
\treeoffset=\skip126
\daughteroffset=\skip127
\branchwidth=\skip128
\parentwidth=\skip129
\treewidth=\skip130
\qta=\toks34
\qtb=\toks35
\nbranches=\count267
\qroofx=\count268
\qroofy=\count269
\@qrscratchbox=\box73
) (oz.sty
Package: oz 1995/10/03 2.41 Object Z macros
\c@mv@oz=\count270
LaTeX Font Info:    Overwriting math alphabet `\mathrm' in version `oz'
(Font)                  OT1/cmr/m/n --> OT1/cmr/m/n on input line 74.
LaTeX Font Info:    Overwriting math alphabet `\mathbf' in version `oz'
(Font)                  OT1/cmr/bx/n --> OT1/cmr/bx/n on input line 74.
LaTeX Font Info:    Overwriting math alphabet `\mathsf' in version `oz'
(Font)                  OT1/cmss/m/n --> OT1/cmss/m/n on input line 74.
\symitalics=\mathgroup6
LaTeX Font Info:    Redeclaring math alphabet \mathrm on input line 74.
LaTeX Font Info:    Redeclaring math alphabet \mathit on input line 74.
\symlasy=\mathgroup7
LaTeX Font Info:    Redeclaring symbol font `AMSa' on input line 74.
LaTeX Font Info:    Overwriting symbol font `AMSa' in version `normal'
(Font)                  U/msa/m/n --> U/msa/m/n on input line 74.
LaTeX Font Info:    Overwriting symbol font `AMSa' in version `bold'
(Font)                  U/msa/m/n --> U/msa/m/n on input line 74.
LaTeX Font Info:    Overwriting symbol font `AMSa' in version `oz'
(Font)                  U/msa/m/n --> U/msa/m/n on input line 74.
LaTeX Font Info:    Redeclaring symbol font `AMSb' on input line 74.
LaTeX Font Info:    Overwriting symbol font `AMSb' in version `normal'
(Font)                  U/msb/m/n --> U/msb/m/n on input line 74.
LaTeX Font Info:    Overwriting symbol font `AMSb' in version `bold'
(Font)                  U/msb/m/n --> U/msb/m/n on input line 74.
LaTeX Font Info:    Overwriting symbol font `AMSb' in version `oz'
(Font)                  U/msb/m/n --> U/msb/m/n on input line 74.
\strutbox@=\box74
\big@size=\dimen168
LaTeX Font Info:    Redeclaring math symbol \boxdot on input line 352.
LaTeX Font Info:    Redeclaring math symbol \boxplus on input line 352.
LaTeX Font Info:    Redeclaring math symbol \boxtimes on input line 352.
LaTeX Font Info:    Redeclaring math symbol \square on input line 352.
LaTeX Font Info:    Redeclaring math symbol \blacksquare on input line 352.
LaTeX Font Info:    Redeclaring math symbol \centerdot on input line 352.
LaTeX Font Info:    Redeclaring math symbol \lozenge on input line 352.
LaTeX Font Info:    Redeclaring math symbol \blacklozenge on input line 352.
LaTeX Font Info:    Redeclaring math symbol \circlearrowright on input line 352
.
LaTeX Font Info:    Redeclaring math symbol \circlearrowleft on input line 352.

LaTeX Font Info:    Redeclaring math symbol \leftrightharpoons on input line 35
2.
LaTeX Font Info:    Redeclaring math symbol \boxminus on input line 352.
LaTeX Font Info:    Redeclaring math symbol \Vdash on input line 352.
LaTeX Font Info:    Redeclaring math symbol \Vvdash on input line 352.
LaTeX Font Info:    Redeclaring math symbol \vDash on input line 352.
LaTeX Font Info:    Redeclaring math symbol \twoheadrightarrow on input line 35
2.
LaTeX Font Info:    Redeclaring math symbol \twoheadleftarrow on input line 352
.
LaTeX Font Info:    Redeclaring math symbol \leftleftarrows on input line 352.
LaTeX Font Info:    Redeclaring math symbol \rightrightarrows on input line 352
.
LaTeX Font Info:    Redeclaring math symbol \upuparrows on input line 352.
LaTeX Font Info:    Redeclaring math symbol \downdownarrows on input line 352.
LaTeX Font Info:    Redeclaring math symbol \upharpoonright on input line 352.
LaTeX Font Info:    Redeclaring math symbol \downharpoonright on input line 352
.
LaTeX Font Info:    Redeclaring math symbol \upharpoonleft on input line 352.
LaTeX Font Info:    Redeclaring math symbol \downharpoonleft on input line 352.

LaTeX Font Info:    Redeclaring math symbol \rightarrowtail on input line 352.
LaTeX Font Info:    Redeclaring math symbol \leftarrowtail on input line 352.
LaTeX Font Info:    Redeclaring math symbol \leftrightarrows on input line 352.

LaTeX Font Info:    Redeclaring math symbol \rightleftarrows on input line 352.

LaTeX Font Info:    Redeclaring math symbol \Lsh on input line 352.
LaTeX Font Info:    Redeclaring math symbol \Rsh on input line 352.
LaTeX Font Info:    Redeclaring math symbol \rightsquigarrow on input line 352.

LaTeX Font Info:    Redeclaring math symbol \leftrightsquigarrow on input line 
352.
LaTeX Font Info:    Redeclaring math symbol \looparrowleft on input line 352.
LaTeX Font Info:    Redeclaring math symbol \looparrowright on input line 352.
LaTeX Font Info:    Redeclaring math symbol \circeq on input line 352.
LaTeX Font Info:    Redeclaring math symbol \succsim on input line 352.
LaTeX Font Info:    Redeclaring math symbol \gtrsim on input line 352.
LaTeX Font Info:    Redeclaring math symbol \gtrapprox on input line 352.
LaTeX Font Info:    Redeclaring math symbol \multimap on input line 352.
LaTeX Font Info:    Redeclaring math symbol \therefore on input line 352.
LaTeX Font Info:    Redeclaring math symbol \because on input line 352.
LaTeX Font Info:    Redeclaring math symbol \doteqdot on input line 352.
LaTeX Font Info:    Redeclaring math symbol \triangleq on input line 352.
LaTeX Font Info:    Redeclaring math symbol \precsim on input line 352.
LaTeX Font Info:    Redeclaring math symbol \lesssim on input line 352.
LaTeX Font Info:    Redeclaring math symbol \lessapprox on input line 352.
LaTeX Font Info:    Redeclaring math symbol \eqslantless on input line 352.
LaTeX Font Info:    Redeclaring math symbol \eqslantgtr on input line 352.
LaTeX Font Info:    Redeclaring math symbol \curlyeqprec on input line 352.
LaTeX Font Info:    Redeclaring math symbol \curlyeqsucc on input line 352.
LaTeX Font Info:    Redeclaring math symbol \preccurlyeq on input line 352.
LaTeX Font Info:    Redeclaring math symbol \leqq on input line 352.
LaTeX Font Info:    Redeclaring math symbol \leqslant on input line 352.
LaTeX Font Info:    Redeclaring math symbol \lessgtr on input line 352.
LaTeX Font Info:    Redeclaring math symbol \backprime on input line 352.
LaTeX Font Info:    Redeclaring math symbol \risingdotseq on input line 352.
LaTeX Font Info:    Redeclaring math symbol \fallingdotseq on input line 352.
LaTeX Font Info:    Redeclaring math symbol \succcurlyeq on input line 352.
LaTeX Font Info:    Redeclaring math symbol \geqq on input line 352.
LaTeX Font Info:    Redeclaring math symbol \geqslant on input line 352.
LaTeX Font Info:    Redeclaring math symbol \gtrless on input line 352.
LaTeX Font Info:    Redeclaring math symbol \sqsubset on input line 352.
LaTeX Font Info:    Redeclaring math symbol \sqsupset on input line 352.
LaTeX Font Info:    Redeclaring math symbol \vartriangleright on input line 352
.
LaTeX Font Info:    Redeclaring math symbol \vartriangleleft on input line 352.

LaTeX Font Info:    Redeclaring math symbol \trianglerighteq on input line 352.

LaTeX Font Info:    Redeclaring math symbol \trianglelefteq on input line 352.
LaTeX Font Info:    Redeclaring math symbol \bigstar on input line 352.
LaTeX Font Info:    Redeclaring math symbol \between on input line 352.
LaTeX Font Info:    Redeclaring math symbol \blacktriangledown on input line 35
2.
LaTeX Font Info:    Redeclaring math symbol \blacktriangleright on input line 3
52.
LaTeX Font Info:    Redeclaring math symbol \blacktriangleleft on input line 35
2.
LaTeX Font Info:    Redeclaring math symbol \vartriangle on input line 352.
LaTeX Font Info:    Redeclaring math symbol \blacktriangle on input line 352.
LaTeX Font Info:    Redeclaring math symbol \triangledown on input line 352.
LaTeX Font Info:    Redeclaring math symbol \eqcirc on input line 352.
LaTeX Font Info:    Redeclaring math symbol \lesseqgtr on input line 352.
LaTeX Font Info:    Redeclaring math symbol \gtreqless on input line 352.
LaTeX Font Info:    Redeclaring math symbol \lesseqqgtr on input line 352.
LaTeX Font Info:    Redeclaring math symbol \gtreqqless on input line 352.
LaTeX Font Info:    Redeclaring math symbol \Rrightarrow on input line 352.
LaTeX Font Info:    Redeclaring math symbol \Lleftarrow on input line 352.
LaTeX Font Info:    Redeclaring math symbol \veebar on input line 352.
LaTeX Font Info:    Redeclaring math symbol \barwedge on input line 352.
LaTeX Font Info:    Redeclaring math symbol \doublebarwedge on input line 352.
LaTeX Font Info:    Redeclaring math symbol \measuredangle on input line 352.
LaTeX Font Info:    Redeclaring math symbol \sphericalangle on input line 352.
LaTeX Font Info:    Redeclaring math symbol \varpropto on input line 352.
LaTeX Font Info:    Redeclaring math symbol \smallsmile on input line 352.
LaTeX Font Info:    Redeclaring math symbol \smallfrown on input line 352.
LaTeX Font Info:    Redeclaring math symbol \Subset on input line 352.
LaTeX Font Info:    Redeclaring math symbol \Supset on input line 352.
LaTeX Font Info:    Redeclaring math symbol \Cup on input line 352.
LaTeX Font Info:    Redeclaring math symbol \Cap on input line 352.
LaTeX Font Info:    Redeclaring math symbol \curlywedge on input line 352.
LaTeX Font Info:    Redeclaring math symbol \curlyvee on input line 352.
LaTeX Font Info:    Redeclaring math symbol \leftthreetimes on input line 352.
LaTeX Font Info:    Redeclaring math symbol \rightthreetimes on input line 352.

LaTeX Font Info:    Redeclaring math symbol \subseteqq on input line 352.
LaTeX Font Info:    Redeclaring math symbol \supseteqq on input line 352.
LaTeX Font Info:    Redeclaring math symbol \bumpeq on input line 352.
LaTeX Font Info:    Redeclaring math symbol \Bumpeq on input line 352.
LaTeX Font Info:    Redeclaring math symbol \lll on input line 352.
LaTeX Font Info:    Redeclaring math symbol \ggg on input line 352.
LaTeX Font Info:    Redeclaring math delimiter \ulcorner on input line 352.
LaTeX Font Info:    Redeclaring math delimiter \urcorner on input line 352.
LaTeX Font Info:    Redeclaring math delimiter \llcorner on input line 352.
LaTeX Font Info:    Redeclaring math delimiter \lrcorner on input line 352.
LaTeX Font Info:    Redeclaring math symbol \circledS on input line 352.
LaTeX Font Info:    Redeclaring math symbol \pitchfork on input line 352.
LaTeX Font Info:    Redeclaring math symbol \dotplus on input line 352.
LaTeX Font Info:    Redeclaring math symbol \backsim on input line 352.
LaTeX Font Info:    Redeclaring math symbol \backsimeq on input line 352.
LaTeX Font Info:    Redeclaring math symbol \complement on input line 352.
LaTeX Font Info:    Redeclaring math symbol \intercal on input line 352.
LaTeX Font Info:    Redeclaring math symbol \circledcirc on input line 352.
LaTeX Font Info:    Redeclaring math symbol \circledast on input line 352.
LaTeX Font Info:    Redeclaring math symbol \circleddash on input line 352.
LaTeX Font Info:    Redeclaring math symbol \lvertneqq on input line 352.
LaTeX Font Info:    Redeclaring math symbol \gvertneqq on input line 352.
LaTeX Font Info:    Redeclaring math symbol \nleq on input line 352.
LaTeX Font Info:    Redeclaring math symbol \ngeq on input line 352.
LaTeX Font Info:    Redeclaring math symbol \nless on input line 352.
LaTeX Font Info:    Redeclaring math symbol \ngtr on input line 352.
LaTeX Font Info:    Redeclaring math symbol \nprec on input line 352.
LaTeX Font Info:    Redeclaring math symbol \nsucc on input line 352.
LaTeX Font Info:    Redeclaring math symbol \lneqq on input line 352.
LaTeX Font Info:    Redeclaring math symbol \gneqq on input line 352.
LaTeX Font Info:    Redeclaring math symbol \nleqslant on input line 352.
LaTeX Font Info:    Redeclaring math symbol \ngeqslant on input line 352.
LaTeX Font Info:    Redeclaring math symbol \lneq on input line 352.
LaTeX Font Info:    Redeclaring math symbol \gneq on input line 352.
LaTeX Font Info:    Redeclaring math symbol \npreceq on input line 352.
LaTeX Font Info:    Redeclaring math symbol \nsucceq on input line 352.
LaTeX Font Info:    Redeclaring math symbol \precnsim on input line 352.
LaTeX Font Info:    Redeclaring math symbol \succnsim on input line 352.
LaTeX Font Info:    Redeclaring math symbol \lnsim on input line 352.
LaTeX Font Info:    Redeclaring math symbol \gnsim on input line 352.
LaTeX Font Info:    Redeclaring math symbol \nleqq on input line 352.
LaTeX Font Info:    Redeclaring math symbol \ngeqq on input line 352.
LaTeX Font Info:    Redeclaring math symbol \precneqq on input line 352.
LaTeX Font Info:    Redeclaring math symbol \succneqq on input line 352.
LaTeX Font Info:    Redeclaring math symbol \precnapprox on input line 352.
LaTeX Font Info:    Redeclaring math symbol \succnapprox on input line 352.
LaTeX Font Info:    Redeclaring math symbol \lnapprox on input line 352.
LaTeX Font Info:    Redeclaring math symbol \gnapprox on input line 352.
LaTeX Font Info:    Redeclaring math symbol \nsim on input line 352.
LaTeX Font Info:    Redeclaring math symbol \ncong on input line 352.
LaTeX Font Info:    Redeclaring math symbol \nsubseteqq on input line 352.
LaTeX Font Info:    Redeclaring math symbol \nsupseteqq on input line 352.
LaTeX Font Info:    Redeclaring math symbol \subsetneqq on input line 352.
LaTeX Font Info:    Redeclaring math symbol \supsetneqq on input line 352.
LaTeX Font Info:    Redeclaring math symbol \subsetneq on input line 352.
LaTeX Font Info:    Redeclaring math symbol \supsetneq on input line 352.
LaTeX Font Info:    Redeclaring math symbol \nsubseteq on input line 352.
LaTeX Font Info:    Redeclaring math symbol \nsupseteq on input line 352.
LaTeX Font Info:    Redeclaring math symbol \nparallel on input line 352.
LaTeX Font Info:    Redeclaring math symbol \nmid on input line 352.
LaTeX Font Info:    Redeclaring math symbol \nshortmid on input line 352.
LaTeX Font Info:    Redeclaring math symbol \nshortparallel on input line 352.
LaTeX Font Info:    Redeclaring math symbol \nvdash on input line 352.
LaTeX Font Info:    Redeclaring math symbol \nVdash on input line 352.
LaTeX Font Info:    Redeclaring math symbol \nvDash on input line 352.
LaTeX Font Info:    Redeclaring math symbol \nVDash on input line 352.
LaTeX Font Info:    Redeclaring math symbol \ntrianglerighteq on input line 352
.
LaTeX Font Info:    Redeclaring math symbol \ntrianglelefteq on input line 352.

LaTeX Font Info:    Redeclaring math symbol \ntriangleleft on input line 352.
LaTeX Font Info:    Redeclaring math symbol \ntriangleright on input line 352.
LaTeX Font Info:    Redeclaring math symbol \nleftarrow on input line 352.
LaTeX Font Info:    Redeclaring math symbol \nrightarrow on input line 352.
LaTeX Font Info:    Redeclaring math symbol \nLeftarrow on input line 352.
LaTeX Font Info:    Redeclaring math symbol \nRightarrow on input line 352.
LaTeX Font Info:    Redeclaring math symbol \nLeftrightarrow on input line 352.

LaTeX Font Info:    Redeclaring math symbol \nleftrightarrow on input line 352.

LaTeX Font Info:    Redeclaring math symbol \divideontimes on input line 352.
LaTeX Font Info:    Redeclaring math symbol \varnothing on input line 352.
LaTeX Font Info:    Redeclaring math symbol \mho on input line 352.
LaTeX Font Info:    Redeclaring math symbol \eth on input line 352.
LaTeX Font Info:    Redeclaring math symbol \eqsim on input line 352.
LaTeX Font Info:    Redeclaring math symbol \beth on input line 352.
LaTeX Font Info:    Redeclaring math symbol \gimel on input line 352.
LaTeX Font Info:    Redeclaring math symbol \daleth on input line 352.
LaTeX Font Info:    Redeclaring math symbol \lessdot on input line 352.
LaTeX Font Info:    Redeclaring math symbol \gtrdot on input line 352.
LaTeX Font Info:    Redeclaring math symbol \ltimes on input line 352.
LaTeX Font Info:    Redeclaring math symbol \rtimes on input line 352.
LaTeX Font Info:    Redeclaring math symbol \shortmid on input line 352.
LaTeX Font Info:    Redeclaring math symbol \shortparallel on input line 352.
LaTeX Font Info:    Redeclaring math symbol \smallsetminus on input line 352.
LaTeX Font Info:    Redeclaring math symbol \thicksim on input line 352.
LaTeX Font Info:    Redeclaring math symbol \thickapprox on input line 352.
LaTeX Font Info:    Redeclaring math symbol \approxeq on input line 352.
LaTeX Font Info:    Redeclaring math symbol \succapprox on input line 352.
LaTeX Font Info:    Redeclaring math symbol \precapprox on input line 352.
LaTeX Font Info:    Redeclaring math symbol \curvearrowleft on input line 352.
LaTeX Font Info:    Redeclaring math symbol \curvearrowright on input line 352.

LaTeX Font Info:    Redeclaring math symbol \digamma on input line 352.
LaTeX Font Info:    Redeclaring math symbol \varkappa on input line 352.
LaTeX Font Info:    Redeclaring math symbol \hslash on input line 352.
LaTeX Font Info:    Redeclaring math symbol \hbar on input line 352.
LaTeX Font Info:    Redeclaring math symbol \backepsilon on input line 352.
\z@combox=\box75
\z@wdcalc=\dimen169
\z@stackmin=\count271
\z@stackmax=\count272
\z@stacktop=\count273
\@gtempa=\dimen170
\@gtempa=\dimen171
\@gtempa=\dimen172
\@gtempa=\dimen173
\@gtempa=\dimen174
\@gtempa=\dimen175
\@gtempa=\dimen176
\@gtempa=\dimen177
\@gtempa=\dimen178
\@gtempa=\dimen179
\@gtempa=\dimen180
\@gtempa=\dimen181
\@gtempa=\dimen182
\@gtempa=\dimen183
\@gtempa=\dimen184
\@gtempa=\dimen185
\@gtempa=\dimen186
\@gtempa=\dimen187
\@gtempa=\dimen188
\@gtempa=\dimen189
\@gtempa=\dimen190
\@gtempa=\dimen191
\@gtempa=\dimen192
\@gtempa=\dimen193
\@gtempa=\dimen194
\@gtempa=\dimen195
\@gtempa=\dimen196
\@gtempa=\dimen197
\@gtempa=\dimen198
\@gtempa=\dimen199
\@gtempa=\dimen256
\@gtempa=\dimen257
\@gtempa=\dimen258
\@gtempa=\dimen259
\@gtempa=\dimen260
\@gtempa=\dimen261
\@gtempa=\dimen262
\@gtempa=\dimen263
\@gtempa=\dimen264
\@gtempa=\dimen265
\@gtempa=\dimen266
\@gtempa=\dimen267
\@gtempa=\dimen268
\@gtempa=\dimen269
\@gtempa=\dimen270
\@gtempa=\dimen271
\@gtempa=\dimen272
\@gtempa=\dimen273
\@gtempa=\dimen274
\@gtempa=\dimen275
\z@curline=\box76
\z@curindent=\dimen276
\z@curfield=\box77
\zedindent=\dimen277
\zedleftsep=\dimen278
\zedtab=\dimen279
\zedbar=\dimen280
\zedlinethickness=\dimen281
\zedcornerheight=\dimen282
\z@cols=\count274
\zedbaselineskip=\skip131
\zstrutbox=\box78
\interzedlinepenalty=\count275
\preboxpenalty=\count276
\forcepagepenalty=\count277
\z@adskip=\skip132
\z@bdskip=\skip133
\z@adsskip=\skip134
\z@bdsskip=\skip135
\z@temp=\dimen283
)
("C:\Program Files\MiKTeX 2.9\tex/latex/titlepic\titlepic.sty"
Package: titlepic 2017/03/14 1.2 Package to display a picture on the title page

)
("C:\Program Files\MiKTeX 2.9\tex/latex/fancyvrb\fancyvrb.sty"
Package: fancyvrb 2020/01/13 v3.5 verbatim text (tvz,hv)
\FV@CodeLineNo=\count278
\FV@InFile=\read3
\FV@TabBox=\box79
\c@FancyVerbLine=\count279
\FV@StepNumber=\count280
\FV@OutFile=\write3
)
("C:\Program Files\MiKTeX 2.9\tex/latex/l3backend\l3backend-pdfmode.def"
File: l3backend-pdfmode.def 2020-02-03 L3 backend support: PDF mode
\l__kernel_color_stack_int=\count281
\l__pdf_internal_box=\box80
)
(object-z-specification-template.aux)
\openout1 = `object-z-specification-template.aux'.

LaTeX Font Info:    Checking defaults for OML/cmm/m/it on input line 29.
LaTeX Font Info:    ... okay on input line 29.
LaTeX Font Info:    Checking defaults for OMS/cmsy/m/n on input line 29.
LaTeX Font Info:    ... okay on input line 29.
LaTeX Font Info:    Checking defaults for OT1/cmr/m/n on input line 29.
LaTeX Font Info:    ... okay on input line 29.
LaTeX Font Info:    Checking defaults for T1/cmr/m/n on input line 29.
LaTeX Font Info:    ... okay on input line 29.
LaTeX Font Info:    Checking defaults for TS1/cmr/m/n on input line 29.
LaTeX Font Info:    ... okay on input line 29.
LaTeX Font Info:    Checking defaults for OMX/cmex/m/n on input line 29.
LaTeX Font Info:    ... okay on input line 29.
LaTeX Font Info:    Checking defaults for U/cmr/m/n on input line 29.
LaTeX Font Info:    ... okay on input line 29.

*geometry* driver: auto-detecting
*geometry* detected driver: pdftex
*geometry* verbose mode - [ preamble ] result:
* driver: pdftex
* paper: <default>
* layout: <same size as paper>
* layoutoffset:(h,v)=(0.0pt,0.0pt)
* modes: 
* h-part:(L,W,R)=(72.26999pt, 469.75502pt, 72.26999pt)
* v-part:(T,H,B)=(72.26999pt, 650.43001pt, 72.26999pt)
* \paperwidth=614.295pt
* \paperheight=794.96999pt
* \textwidth=469.75502pt
* \textheight=650.43001pt
* \oddsidemargin=0.0pt
* \evensidemargin=0.0pt
* \topmargin=-37.0pt
* \headheight=12.0pt
* \headsep=25.0pt
* \topskip=12.0pt
* \footskip=30.0pt
* \marginparwidth=44.0pt
* \marginparsep=10.0pt
* \columnsep=10.0pt
* \skip\footins=10.8pt plus 4.0pt minus 2.0pt
* \hoffset=0.0pt
* \voffset=0.0pt
* \mag=1000
* \@twocolumnfalse
* \@twosidefalse
* \@mparswitchfalse
* \@reversemarginfalse
* (1in=72.27pt=25.4mm, 1cm=28.453pt)

("C:\Program Files\MiKTeX 2.9\tex/context/base/mkii\supp-pdf.mkii"
[Loading MPS to PDF converter (version 2006.09.02).]
\scratchcounter=\count282
\scratchdimen=\dimen284
\scratchbox=\box81
\nofMPsegments=\count283
\nofMParguments=\count284
\everyMPshowfont=\toks36
\MPscratchCnt=\count285
\MPscratchDim=\dimen285
\MPnumerator=\count286
\makeMPintoPDFobject=\count287
\everyMPtoPDFconversion=\toks37
) ("C:\Program Files\MiKTeX 2.9\tex/latex/epstopdf-pkg\epstopdf-base.sty"
Package: epstopdf-base 2020-01-24 v2.11 Base part for package epstopdf
Package epstopdf-base Info: Redefining graphics rule for `.eps' on input line 4
85.
)
\c@lstlisting=\count288
LaTeX Font Info:    Trying to load font information for U+msa on input line 32.


("C:\Program Files\MiKTeX 2.9\tex/latex/amsfonts\umsa.fd"
File: umsa.fd 2013/01/14 v3.01 AMS symbols A
)
LaTeX Font Info:    Trying to load font information for U+msb on input line 32.


("C:\Program Files\MiKTeX 2.9\tex/latex/amsfonts\umsb.fd"
File: umsb.fd 2013/01/14 v3.01 AMS symbols B
)
LaTeX Font Info:    Trying to load font information for U+lasy on input line 32
.

("C:\Program Files\MiKTeX 2.9\tex/latex/base\ulasy.fd"
File: ulasy.fd 1998/08/17 v2.2e LaTeX symbol font definitions
) [1

{C:/Users/FLAFL/AppData/Local/MiKTeX/2.9/pdftex/config/pdftex.map}] [2] [3]
Overfull \hbox (69.92572pt too wide) in alignment at lines 103--146
[] []
 []

[4] (object-z-specification-template.aux) ) 
Here is how much of TeX's memory you used:
 5606 strings out of 481565
 73357 string characters out of 2923924
 328077 words of memory out of 3000000
 20769 multiletter control sequences out of 15000+200000
 543520 words of font info for 69 fonts, out of 3000000 for 9000
 1141 hyphenation exceptions out of 8191
 30i,17n,36p,247b,333s stack positions out of 5000i,500n,10000p,200000b,50000s
<C:/Program Files/MiKTeX 2.9/fonts/t
ype1/public/amsfonts/cm/cmbx12.pfb><C:/Program Files/MiKTeX 2.9/fonts/type1/pub
lic/amsfonts/cm/cmex10.pfb><C:/Program Files/MiKTeX 2.9/fonts/type1/public/amsf
onts/cm/cmmi12.pfb><C:/Program Files/MiKTeX 2.9/fonts/type1/public/amsfonts/cm/
cmr12.pfb><C:/Program Files/MiKTeX 2.9/fonts/type1/public/amsfonts/cm/cmr17.pfb
><C:/Program Files/MiKTeX 2.9/fonts/type1/public/amsfonts/cm/cmsy10.pfb><C:/Pro
gram Files/MiKTeX 2.9/fonts/type1/public/amsfonts/cm/cmsy8.pfb><C:/Program File
s/MiKTeX 2.9/fonts/type1/public/amsfonts/cm/cmti10.pfb><C:/Program Files/MiKTeX
 2.9/fonts/type1/public/amsfonts/cm/cmti12.pfb><C:/Program Files/MiKTeX 2.9/fon
ts/type1/public/amsfonts/symbols/msam10.pfb><C:/Program Files/MiKTeX 2.9/fonts/
type1/public/amsfonts/symbols/msbm10.pfb>
Output written on object-z-specification-template.pdf (4 pages, 115587 bytes).
PDF statistics:
 59 PDF objects out of 1000 (max. 8388607)
 0 named destinations out of 1000 (max. 500000)
 1 words of extra memory for PDF output out of 10000 (max. 10000000)

